<?xml version="1.0" encoding="UTF-8"?>
<!-- Generated by org.testng.reporters.JUnitReportReporter -->
<testsuite hostname="DESKTOP-1FBF64B" failures="0" tests="1" name="testScripts.HomePageTestCases" time="37.195" errors="0" timestamp="2023-06-05T18:50:31 IST" skipped="0">
  <testcase classname="testScripts.HomePageTestCases" name="Validatingdefaultflightdetailsbooksearch" time="37.195"/>
  <system-out/>
</testsuite> <!-- testScripts.HomePageTestCases -->
