<?xml version="1.0" encoding="UTF-8"?>
<!-- Generated by org.testng.reporters.JUnitReportReporter -->
<testsuite hostname="gt72wroker" failures="0" tests="1" name="testScripts.FlightReviewBookPageTestCases" time="42.515" errors="0" timestamp="2023-07-13T18:31:43 IST" skipped="0">
  <testcase classname="testScripts.FlightReviewBookPageTestCases" name="ValidatetheDefaultFlightBookDetailsOneWayTripwithCitySelectDropdown" time="42.515"/>
  <system-out/>
</testsuite> <!-- testScripts.FlightReviewBookPageTestCases -->
