<?xml version="1.0" encoding="UTF-8"?>
<!-- Generated by org.testng.reporters.JUnitReportReporter -->
<testsuite hostname="DESKTOP-1FBF64B" failures="0" tests="1" name="testScripts.FlightResultsPageTestCases" time="41.010" errors="0" timestamp="2023-06-05T19:25:05 IST" skipped="0">
  <testcase classname="testScripts.FlightResultsPageTestCases" name="Validatingdefaultflightdetailsbooksearch" time="41.010"/>
  <system-out/>
</testsuite> <!-- testScripts.FlightResultsPageTestCases -->
