<?xml version="1.0" encoding="UTF-8"?>
<!-- Generated by org.testng.reporters.JUnitReportReporter -->
<testsuite hostname="gt72wroker" failures="0" tests="1" name="testScripts.FlightDetailsPageTestCases" time="59.661" errors="0" timestamp="2023-07-10T19:18:44 IST" skipped="0">
  <testcase classname="testScripts.FlightDetailsPageTestCases" name="Validatingdefaultflightdetailsbooksearchwithseatmealandluggage" time="59.661"/>
  <system-out/>
</testsuite> <!-- testScripts.FlightDetailsPageTestCases -->
